TN:
SF:C:\Users\CBrand\Desktop\Code\hangman-jest\lib.js
FN:8,isWordSolved
FN:9,(anonymous_1)
FN:17,randomlySelectWord
FN:26,createBlankWordArray
FN:40,fillInGuessedLetters
FN:41,(anonymous_5)
FN:51,stringify
FN:61,wordIncludesLetter
FN:69,askForALetter
FN:77,print
FN:81,validateInput
FNF:11
FNH:8
FNDA:3,isWordSolved
FNDA:9,(anonymous_1)
FNDA:3,randomlySelectWord
FNDA:4,createBlankWordArray
FNDA:0,fillInGuessedLetters
FNDA:0,(anonymous_5)
FNDA:6,stringify
FNDA:0,wordIncludesLetter
FNDA:1,askForALetter
FNDA:1,print
FNDA:6,validateInput
DA:1,1
DA:9,9
DA:18,3
DA:27,4
DA:28,1
DA:30,3
DA:41,0
DA:42,0
DA:52,6
DA:62,0
DA:70,1
DA:78,1
DA:82,6
DA:83,4
DA:84,2
DA:87,1
LF:16
LH:13
BRDA:26,0,0,1
BRDA:27,1,0,1
BRDA:27,1,1,3
BRDA:42,2,0,0
BRDA:42,2,1,0
BRDA:51,3,0,1
BRDA:82,4,0,4
BRDA:82,4,1,2
BRDA:82,5,0,6
BRDA:82,5,1,4
BRF:10
BRH:8
end_of_record
